<?xml version="1.0" encoding="UTF-8"?>
<!-- Generated by org.testng.reporters.JUnitReportReporter -->
<testsuite hostname="DESKTOP-CINE6FF" failures="0" tests="7" name="Test.Testcases" time="28.176" errors="0" timestamp="2022-02-20T04:54:59 EST" skipped="0">
  <testcase classname="Test.Testcases" name="loginwithInvalidEmail" time="3.952"/>
  <system-out/>
  <testcase classname="Test.Testcases" name="loginwithInvalidPassword" time="0.755"/>
  <system-out/>
  <testcase classname="Test.Testcases" name="loginwithEmptyFields" time="3.227"/>
  <system-out/>
  <testcase classname="Test.Testcases" name="loginwithValidData" time="3.449"/>
  <system-out/>
  <testcase classname="Test.Testcases" name="securitycode" time="10.349"/>
  <system-out/>
  <testcase classname="Test.Testcases" name="headerDropdown" time="0.169"/>
  <system-out/>
  <testcase classname="Test.Testcases" name="profilemenuoption" time="6.275"/>
  <system-out/>
</testsuite> <!-- Test.Testcases -->
